<?xml version="1.0" encoding="UTF-8"?>
<!-- Generated by org.testng.reporters.JUnitReportReporter -->
<testsuite hostname="DESKTOP-P14K092" failures="0" tests="2" name="testng.testng1" time="0.010" errors="0" timestamp="10 Oct 2022 07:09:29 GMT">
  <testcase classname="testng.testng1" name="addemp" time="0.006"/>
  <testcase classname="testng.testng1" name="delemp" time="0.004"/>
</testsuite> <!-- testng.testng1 -->
