<?xml version="1.0" encoding="UTF-8"?>
<!-- Generated by org.testng.reporters.JUnitReportReporter -->
<testsuite hostname="DESKTOP-P14K092" failures="0" tests="1" name="wd_testng_testsuite_log4j.TC002" time="10.681" errors="0" timestamp="11 Oct 2022 10:23:45 GMT">
  <testcase classname="wd_testng_testsuite_log4j.TC002" name="tc002" time="10.681"/>
</testsuite> <!-- wd_testng_testsuite_log4j.TC002 -->
