<?xml version="1.0" encoding="UTF-8"?>
<!-- Generated by org.testng.reporters.JUnitReportReporter -->
<testsuite hostname="DESKTOP-P14K092" failures="0" tests="1" name="webdriver_testng.wd_testng" time="7.728" errors="0" timestamp="10 Oct 2022 12:00:34 GMT">
  <testcase classname="webdriver_testng.wd_testng" name="tc001" time="7.728"/>
</testsuite> <!-- webdriver_testng.wd_testng -->
