<?xml version="1.0" encoding="UTF-8"?>
<!-- Generated by org.testng.reporters.JUnitReportReporter -->
<testsuite hostname="DESKTOP-P14K092" failures="0" tests="1" name="webdriver_testng_testsuite.TC001" time="76.875" errors="0" timestamp="11 Oct 2022 08:02:30 GMT">
  <testcase classname="webdriver_testng_testsuite.TC001" name="tc001" time="76.875"/>
</testsuite> <!-- webdriver_testng_testsuite.TC001 -->
